project/apps/mobile/android/build-china/intermediates/manifest_merge_blame_file/chinaRelease/manifest-merger-blame-china-release-report.txt
1<?xml version="1.0" encoding="utf-8"?>
2<manifest xmlns:android="http://schemas.android.com/apk/res/android"
3    package="cn.linkchest.app"
4    android:versionCode="1"
5    android:versionName="1.0.0" >
6
7    <uses-sdk
8        android:minSdkVersion="23"
9        android:targetSdkVersion="34" />
10
11    <uses-permission android:name="android.permission.INTERNET" />
11-->src/main/AndroidManifest.xml:2:3-64
11-->src/main/AndroidManifest.xml:2:20-62
12    <uses-permission android:name="android.permission.READ_EXTERNAL_STORAGE" />
12-->src/main/AndroidManifest.xml:3:3-77
12-->src/main/AndroidManifest.xml:3:20-75
13    <uses-permission android:name="android.permission.RECORD_AUDIO" />
13-->src/main/AndroidManifest.xml:4:3-68
13-->src/main/AndroidManifest.xml:4:20-66
14    <uses-permission android:name="android.permission.SYSTEM_ALERT_WINDOW" />
14-->src/main/AndroidManifest.xml:5:3-75
14-->src/main/AndroidManifest.xml:5:20-73
15    <uses-permission android:name="android.permission.VIBRATE" />
15-->src/main/AndroidManifest.xml:6:3-63
15-->src/main/AndroidManifest.xml:6:20-61
16    <uses-permission android:name="android.permission.WRITE_EXTERNAL_STORAGE" /> <!-- 极光推送权限 -->
16-->src/main/AndroidManifest.xml:7:3-78
16-->src/main/AndroidManifest.xml:7:20-76
17    <uses-permission android:name="android.permission.RECEIVE_BOOT_COMPLETED" />
17-->src/main/AndroidManifest.xml:9:3-78
17-->src/main/AndroidManifest.xml:9:20-76
18    <uses-permission android:name="android.permission.WAKE_LOCK" />
18-->src/main/AndroidManifest.xml:10:3-65
18-->src/main/AndroidManifest.xml:10:20-63
19    <uses-permission android:name="android.permission.ACCESS_NETWORK_STATE" /> <!-- 华为推送权限 -->
19-->src/main/AndroidManifest.xml:11:3-76
19-->src/main/AndroidManifest.xml:11:20-74
20    <uses-permission android:name="com.huawei.android.launcher.permission.CHANGE_BADGE" /> <!-- 小米推送权限 -->
20-->src/main/AndroidManifest.xml:13:3-88
20-->src/main/AndroidManifest.xml:13:20-86
21    <uses-permission android:name="android.permission.GET_TASKS" />
21-->src/main/AndroidManifest.xml:15:3-65
21-->src/main/AndroidManifest.xml:15:20-63
22
23    <queries>
23-->src/main/AndroidManifest.xml:16:3-22:13
24        <intent>
24-->src/main/AndroidManifest.xml:17:5-21:14
25            <action android:name="android.intent.action.VIEW" />
25-->src/main/AndroidManifest.xml:18:7-58
25-->src/main/AndroidManifest.xml:18:15-56
26
27            <category android:name="android.intent.category.BROWSABLE" />
27-->src/main/AndroidManifest.xml:19:7-67
27-->src/main/AndroidManifest.xml:19:17-65
28
29            <data android:scheme="https" />
29-->src/main/AndroidManifest.xml:20:7-37
29-->src/main/AndroidManifest.xml:20:13-35
30        </intent>
31        <!-- Query open documents -->
32        <intent>
32-->[:expo-document-picker] AndroidManifest.xml:10:9-17:18
33            <action android:name="android.intent.action.OPEN_DOCUMENT" />
33-->[:expo-document-picker] AndroidManifest.xml:11:13-74
33-->[:expo-document-picker] AndroidManifest.xml:11:21-71
34
35            <category android:name="android.intent.category.DEFAULT" />
35-->src/main/AndroidManifest.xml:37:9-67
35-->src/main/AndroidManifest.xml:37:19-65
36            <category android:name="android.intent.category.OPENABLE" />
36-->[:expo-document-picker] AndroidManifest.xml:14:13-73
36-->[:expo-document-picker] AndroidManifest.xml:14:23-70
37
38            <data android:mimeType="*/*" />
38-->src/main/AndroidManifest.xml:20:7-37
39        </intent> <!-- Query open documents -->
40        <intent>
40-->[:expo-file-system] AndroidManifest.xml:15:9-17:18
41            <action android:name="android.intent.action.OPEN_DOCUMENT_TREE" />
41-->[:expo-file-system] AndroidManifest.xml:16:13-79
41-->[:expo-file-system] AndroidManifest.xml:16:21-76
42        </intent>
43        <intent>
43-->[:expo-image-picker] AndroidManifest.xml:17:9-21:18
44
45            <!-- Required for picking images from the camera roll if targeting API 30 -->
46            <action android:name="android.media.action.IMAGE_CAPTURE" />
46-->[:expo-image-picker] AndroidManifest.xml:20:13-73
46-->[:expo-image-picker] AndroidManifest.xml:20:21-70
47        </intent>
48        <intent>
48-->[:expo-image-picker] AndroidManifest.xml:22:9-26:18
49
50            <!-- Required for picking images from the camera if targeting API 30 -->
51            <action android:name="android.media.action.ACTION_VIDEO_CAPTURE" />
51-->[:expo-image-picker] AndroidManifest.xml:25:13-80
51-->[:expo-image-picker] AndroidManifest.xml:25:21-77
52        </intent>
53        <intent>
53-->[:expo-web-browser] AndroidManifest.xml:8:9-12:18
54
55            <!-- Required for opening tabs if targeting API 30 -->
56            <action android:name="android.support.customtabs.action.CustomTabsService" />
56-->[:expo-web-browser] AndroidManifest.xml:11:13-90
56-->[:expo-web-browser] AndroidManifest.xml:11:21-87
57        </intent>
58        <intent>
58-->[com.github.CanHub:Android-Image-Cropper:4.3.1] AndroidManifest.xml:10:9-16:18
59            <action android:name="android.intent.action.GET_CONTENT" />
59-->[com.github.CanHub:Android-Image-Cropper:4.3.1] AndroidManifest.xml:11:13-72
59-->[com.github.CanHub:Android-Image-Cropper:4.3.1] AndroidManifest.xml:11:21-69
60
61            <category android:name="android.intent.category.OPENABLE" />
61-->[:expo-document-picker] AndroidManifest.xml:14:13-73
61-->[:expo-document-picker] AndroidManifest.xml:14:23-70
62
63            <data android:mimeType="*/*" />
63-->src/main/AndroidManifest.xml:20:7-37
64        </intent>
65    </queries>
66
67    <permission
67-->[:jpush-react-native] AndroidManifest.xml:7:5-9:47
68        android:name="cn.linkchest.app.permission.JPUSH_MESSAGE"
68-->[:jpush-react-native] AndroidManifest.xml:8:9-65
69        android:protectionLevel="signature" /> <!-- Required -->
69-->[:jpush-react-native] AndroidManifest.xml:9:9-44
70    <uses-permission android:name="cn.linkchest.app.permission.JPUSH_MESSAGE" />
70-->[:jpush-react-native] AndroidManifest.xml:11:5-81
70-->[:jpush-react-native] AndroidManifest.xml:11:22-78
71    <uses-permission android:name="android.permission.POST_NOTIFICATIONS" /> <!-- vivo 角标 -->
71-->[:jpush-react-native] AndroidManifest.xml:14:5-77
71-->[:jpush-react-native] AndroidManifest.xml:14:22-74
72    <uses-permission android:name="com.vivo.notification.permission.BADGE_ICON" /> <!-- honor 角标 -->
72-->[:jpush-react-native] AndroidManifest.xml:18:5-83
72-->[:jpush-react-native] AndroidManifest.xml:18:22-80
73    <uses-permission android:name="com.hihonor.android.launcher.permission.CHANGE_BADGE" /> <!-- Optional. Required for location feature -->
73-->[:jpush-react-native] AndroidManifest.xml:20:5-92
73-->[:jpush-react-native] AndroidManifest.xml:20:22-89
74    <uses-permission android:name="android.permission.ACCESS_COARSE_LOCATION" />
74-->[:jpush-react-native] AndroidManifest.xml:24:5-81
74-->[:jpush-react-native] AndroidManifest.xml:24:22-78
75    <uses-permission android:name="android.permission.ACCESS_FINE_LOCATION" />
75-->[:jpush-react-native] AndroidManifest.xml:25:5-79
75-->[:jpush-react-native] AndroidManifest.xml:25:22-76
76    <uses-permission android:name="android.permission.ACCESS_BACKGROUND_LOCATION" />
76-->[:jpush-react-native] AndroidManifest.xml:26:5-85
76-->[:jpush-react-native] AndroidManifest.xml:26:22-82
77    <uses-permission android:name="android.permission.READ_PHONE_STATE" />
77-->[:jpush-react-native] AndroidManifest.xml:27:5-75
77-->[:jpush-react-native] AndroidManifest.xml:27:22-72
78    <uses-permission android:name="android.permission.ACCESS_WIFI_STATE" /> <!-- Required for picking images from camera directly -->
78-->[:jpush-react-native] AndroidManifest.xml:29:5-76
78-->[:jpush-react-native] AndroidManifest.xml:29:22-73
79    <uses-permission android:name="android.permission.CAMERA" />
79-->[:expo-image-picker] AndroidManifest.xml:8:5-65
79-->[:expo-image-picker] AndroidManifest.xml:8:22-62
80    <uses-permission android:name="android.permission.READ_MEDIA_IMAGES" />
80-->[:expo-image-picker] AndroidManifest.xml:13:5-76
80-->[:expo-image-picker] AndroidManifest.xml:13:22-73
81    <uses-permission android:name="android.permission.READ_MEDIA_VIDEO" />
81-->[:expo-image-picker] AndroidManifest.xml:14:5-75
81-->[:expo-image-picker] AndroidManifest.xml:14:22-72
82    <uses-permission android:name="android.permission.USE_BIOMETRIC" /> <!-- suppress DeprecatedClassUsageInspection -->
82-->[androidx.biometric:biometric:1.1.0] AndroidManifest.xml:24:5-72
82-->[androidx.biometric:biometric:1.1.0] AndroidManifest.xml:24:22-69
83    <uses-permission android:name="android.permission.USE_FINGERPRINT" /> <!-- Required by older versions of Google Play services to create IID tokens -->
83-->[androidx.biometric:biometric:1.1.0] AndroidManifest.xml:27:5-74
83-->[androidx.biometric:biometric:1.1.0] AndroidManifest.xml:27:22-71
84    <uses-permission android:name="com.google.android.c2dm.permission.RECEIVE" />
84-->[com.google.firebase:firebase-messaging:24.1.1] AndroidManifest.xml:26:5-82
84-->[com.google.firebase:firebase-messaging:24.1.1] AndroidManifest.xml:26:22-79
85    <uses-permission android:name="com.google.android.gms.permission.AD_ID" />
85-->[com.google.android.gms:play-services-measurement-api:22.4.0] AndroidManifest.xml:25:5-79
85-->[com.google.android.gms:play-services-measurement-api:22.4.0] AndroidManifest.xml:25:22-76
86    <uses-permission android:name="android.permission.ACCESS_ADSERVICES_ATTRIBUTION" />
86-->[com.google.android.gms:play-services-measurement-api:22.4.0] AndroidManifest.xml:26:5-88
86-->[com.google.android.gms:play-services-measurement-api:22.4.0] AndroidManifest.xml:26:22-85
87    <uses-permission android:name="android.permission.ACCESS_ADSERVICES_AD_ID" />
87-->[com.google.android.gms:play-services-measurement-api:22.4.0] AndroidManifest.xml:27:5-82
87-->[com.google.android.gms:play-services-measurement-api:22.4.0] AndroidManifest.xml:27:22-79
88    <uses-permission android:name="com.google.android.finsky.permission.BIND_GET_INSTALL_REFERRER_SERVICE" />
88-->[com.google.android.gms:play-services-measurement:22.4.0] AndroidManifest.xml:26:5-110
88-->[com.google.android.gms:play-services-measurement:22.4.0] AndroidManifest.xml:26:22-107
89
90    <permission
90-->[androidx.core:core:1.12.0] AndroidManifest.xml:22:5-24:47
91        android:name="cn.linkchest.app.DYNAMIC_RECEIVER_NOT_EXPORTED_PERMISSION"
91-->[androidx.core:core:1.12.0] AndroidManifest.xml:23:9-81
92        android:protectionLevel="signature" />
92-->[androidx.core:core:1.12.0] AndroidManifest.xml:24:9-44
93
94    <uses-permission android:name="cn.linkchest.app.DYNAMIC_RECEIVER_NOT_EXPORTED_PERMISSION" />
94-->[androidx.core:core:1.12.0] AndroidManifest.xml:26:5-97
94-->[androidx.core:core:1.12.0] AndroidManifest.xml:26:22-94
95    <uses-permission android:name="android.permission.QUERY_ALL_PACKAGES" /> <!-- for android -->
95-->[cn.jiguang.sdk:jpush:6.1.0] AndroidManifest.xml:24:5-77
95-->[cn.jiguang.sdk:jpush:6.1.0] AndroidManifest.xml:24:22-74
96    <!-- <uses-permission android:name="com.android.launcher.permission.READ_SETTINGS"/> -->
97    <!-- <uses-permission android:name="com.android.launcher.permission.WRITE_SETTINGS"/> -->
98    <!-- <uses-permission android:name="com.android.launcher.permission.INSTALL_SHORTCUT" /> -->
99    <!-- <uses-permission android:name="com.android.launcher.permission.UNINSTALL_SHORTCUT" /> -->
100    <!-- for Samsung -->
101    <uses-permission android:name="com.sec.android.provider.badge.permission.READ" />
101-->[me.leolin:ShortcutBadger:1.1.22] AndroidManifest.xml:19:5-86
101-->[me.leolin:ShortcutBadger:1.1.22] AndroidManifest.xml:19:22-83
102    <uses-permission android:name="com.sec.android.provider.badge.permission.WRITE" /> <!-- for htc -->
102-->[me.leolin:ShortcutBadger:1.1.22] AndroidManifest.xml:20:5-87
102-->[me.leolin:ShortcutBadger:1.1.22] AndroidManifest.xml:20:22-84
103    <uses-permission android:name="com.htc.launcher.permission.READ_SETTINGS" />
103-->[me.leolin:ShortcutBadger:1.1.22] AndroidManifest.xml:23:5-81
103-->[me.leolin:ShortcutBadger:1.1.22] AndroidManifest.xml:23:22-78
104    <uses-permission android:name="com.htc.launcher.permission.UPDATE_SHORTCUT" /> <!-- for sony -->
104-->[me.leolin:ShortcutBadger:1.1.22] AndroidManifest.xml:24:5-83
104-->[me.leolin:ShortcutBadger:1.1.22] AndroidManifest.xml:24:22-80
105    <uses-permission android:name="com.sonyericsson.home.permission.BROADCAST_BADGE" />
105-->[me.leolin:ShortcutBadger:1.1.22] AndroidManifest.xml:27:5-88
105-->[me.leolin:ShortcutBadger:1.1.22] AndroidManifest.xml:27:22-85
106    <uses-permission android:name="com.sonymobile.home.permission.PROVIDER_INSERT_BADGE" /> <!-- for apex -->
106-->[me.leolin:ShortcutBadger:1.1.22] AndroidManifest.xml:28:5-92
106-->[me.leolin:ShortcutBadger:1.1.22] AndroidManifest.xml:28:22-89
107    <uses-permission android:name="com.anddoes.launcher.permission.UPDATE_COUNT" /> <!-- for solid -->
107-->[me.leolin:ShortcutBadger:1.1.22] AndroidManifest.xml:31:5-84
107-->[me.leolin:ShortcutBadger:1.1.22] AndroidManifest.xml:31:22-81
108    <uses-permission android:name="com.majeur.launcher.permission.UPDATE_BADGE" />
108-->[me.leolin:ShortcutBadger:1.1.22] AndroidManifest.xml:34:5-83
108-->[me.leolin:ShortcutBadger:1.1.22] AndroidManifest.xml:34:22-80
109    <uses-permission android:name="com.huawei.android.launcher.permission.READ_SETTINGS" />
109-->[me.leolin:ShortcutBadger:1.1.22] AndroidManifest.xml:38:5-92
109-->[me.leolin:ShortcutBadger:1.1.22] AndroidManifest.xml:38:22-89
110    <uses-permission android:name="com.huawei.android.launcher.permission.WRITE_SETTINGS" /> <!-- for ZUK -->
110-->[me.leolin:ShortcutBadger:1.1.22] AndroidManifest.xml:39:5-93
110-->[me.leolin:ShortcutBadger:1.1.22] AndroidManifest.xml:39:22-90
111    <uses-permission android:name="android.permission.READ_APP_BADGE" /> <!-- for OPPO -->
111-->[me.leolin:ShortcutBadger:1.1.22] AndroidManifest.xml:42:5-73
111-->[me.leolin:ShortcutBadger:1.1.22] AndroidManifest.xml:42:22-70
112    <uses-permission android:name="com.oppo.launcher.permission.READ_SETTINGS" />
112-->[me.leolin:ShortcutBadger:1.1.22] AndroidManifest.xml:45:5-82
112-->[me.leolin:ShortcutBadger:1.1.22] AndroidManifest.xml:45:22-79
113    <uses-permission android:name="com.oppo.launcher.permission.WRITE_SETTINGS" /> <!-- for EvMe -->
113-->[me.leolin:ShortcutBadger:1.1.22] AndroidManifest.xml:46:5-83
113-->[me.leolin:ShortcutBadger:1.1.22] AndroidManifest.xml:46:22-80
114    <uses-permission android:name="me.everything.badger.permission.BADGE_COUNT_READ" />
114-->[me.leolin:ShortcutBadger:1.1.22] AndroidManifest.xml:49:5-88
114-->[me.leolin:ShortcutBadger:1.1.22] AndroidManifest.xml:49:22-85
115    <uses-permission android:name="me.everything.badger.permission.BADGE_COUNT_WRITE" /> <!-- 国内版允许 HTTP 明文流量（国内服务器暂无 HTTPS） -->
115-->[me.leolin:ShortcutBadger:1.1.22] AndroidManifest.xml:50:5-89
115-->[me.leolin:ShortcutBadger:1.1.22] AndroidManifest.xml:50:22-86
116    <!-- 国内推送厂商通道 meta-data -->
117    <application
117-->src/main/AndroidManifest.xml:23:3-48:17
118        android:name="com.linkchest.app.MainApplication"
118-->src/main/AndroidManifest.xml:23:16-47
119        android:allowBackup="true"
119-->src/main/AndroidManifest.xml:23:162-188
120        android:appComponentFactory="androidx.core.app.CoreComponentFactory"
120-->[androidx.core:core:1.12.0] AndroidManifest.xml:28:18-86
121        android:extractNativeLibs="false"
122        android:icon="@mipmap/ic_launcher"
122-->src/main/AndroidManifest.xml:23:81-115
123        android:label="@string/app_name"
123-->src/main/AndroidManifest.xml:23:48-80
124        android:roundIcon="@mipmap/ic_launcher_round"
124-->src/main/AndroidManifest.xml:23:116-161
125        android:theme="@style/AppTheme"
125-->src/main/AndroidManifest.xml:23:189-220
126        android:usesCleartextTraffic="true" >
126-->src/main/AndroidManifest.xml:23:221-257
127
128        <!-- 极光推送 AppKey -->
129        <meta-data
129-->src/china/AndroidManifest.xml:9:5-77
130            android:name="JPUSH_APPKEY"
130-->src/china/AndroidManifest.xml:9:16-43
131            android:value="7ec1455ab464634fb1f48c1f" />
131-->src/china/AndroidManifest.xml:9:44-75
132        <meta-data
132-->src/china/AndroidManifest.xml:10:5-79
133            android:name="JPUSH_CHANNEL"
133-->src/china/AndroidManifest.xml:10:16-44
134            android:value="" />
134-->src/china/AndroidManifest.xml:10:45-77
135        <!-- 华为推送 AppID -->
136        <meta-data
136-->src/china/AndroidManifest.xml:12:5-98
137            android:name="com.huawei.hms.client.appid"
137-->src/china/AndroidManifest.xml:12:16-58
138            android:value="appid=your_huawei_appid" />
138-->src/china/AndroidManifest.xml:12:59-96
139        <!-- 小米推送 AppID -->
140        <meta-data
140-->src/china/AndroidManifest.xml:14:5-77
141            android:name="XIAOMI_APPID"
141-->src/china/AndroidManifest.xml:14:16-43
142            android:value="your_xiaomi_appid" />
142-->src/china/AndroidManifest.xml:14:44-75
143        <meta-data
143-->src/china/AndroidManifest.xml:15:5-79
144            android:name="XIAOMI_APPKEY"
144-->src/china/AndroidManifest.xml:15:16-44
145            android:value="your_xiaomi_appkey" />
145-->src/china/AndroidManifest.xml:15:45-77
146        <!-- OPPO推送 AppKey -->
147        <meta-data
147-->src/china/AndroidManifest.xml:17:5-75
148            android:name="OPPO_APPKEY"
148-->src/china/AndroidManifest.xml:17:16-42
149            android:value="your_oppo_appkey" />
149-->src/china/AndroidManifest.xml:17:43-73
150        <meta-data
150-->src/china/AndroidManifest.xml:18:5-81
151            android:name="OPPO_APPSECRET"
151-->src/china/AndroidManifest.xml:18:16-45
152            android:value="your_oppo_appsecret" />
152-->src/china/AndroidManifest.xml:18:46-79
153        <!-- vivo推送 AppID -->
154        <meta-data
154-->src/china/AndroidManifest.xml:20:5-73
155            android:name="VIVO_APPID"
155-->src/china/AndroidManifest.xml:20:16-41
156            android:value="your_vivo_appid" />
156-->src/china/AndroidManifest.xml:20:42-71
157        <meta-data
157-->src/china/AndroidManifest.xml:21:5-75
158            android:name="VIVO_APPKEY"
158-->src/china/AndroidManifest.xml:21:16-42
159            android:value="your_vivo_appkey" />
159-->src/china/AndroidManifest.xml:21:43-73
160        <!-- 荣耀推送 AppID -->
161        <meta-data
161-->src/china/AndroidManifest.xml:23:5-75
162            android:name="HONOR_APPID"
162-->src/china/AndroidManifest.xml:23:16-42
163            android:value="your_honor_appid" />
163-->src/china/AndroidManifest.xml:23:43-73
164        <!-- 推送相关 meta-data 已移至 src/china/AndroidManifest.xml -->
165        <!-- 国内版需通过 tools:replace 覆盖以下值 -->
166        <meta-data
166-->src/main/AndroidManifest.xml:27:5-83
167            android:name="expo.modules.updates.ENABLED"
167-->src/main/AndroidManifest.xml:27:16-59
168            android:value="false" />
168-->src/main/AndroidManifest.xml:27:60-81
169        <meta-data
169-->src/main/AndroidManifest.xml:28:5-105
170            android:name="expo.modules.updates.EXPO_UPDATES_CHECK_ON_LAUNCH"
170-->src/main/AndroidManifest.xml:28:16-80
171            android:value="ALWAYS" />
171-->src/main/AndroidManifest.xml:28:81-103
172        <meta-data
172-->src/main/AndroidManifest.xml:29:5-99
173            android:name="expo.modules.updates.EXPO_UPDATES_LAUNCH_WAIT_MS"
173-->src/main/AndroidManifest.xml:29:16-79
174            android:value="0" />
174-->src/main/AndroidManifest.xml:29:80-97
175
176        <activity
176-->src/main/AndroidManifest.xml:30:5-46:16
177            android:name="com.linkchest.app.MainActivity"
177-->src/main/AndroidManifest.xml:30:15-43
178            android:configChanges="keyboard|keyboardHidden|orientation|screenSize|screenLayout|uiMode"
178-->src/main/AndroidManifest.xml:30:44-134
179            android:exported="true"
179-->src/main/AndroidManifest.xml:30:256-279
180            android:launchMode="singleTask"
180-->src/main/AndroidManifest.xml:30:135-166
181            android:screenOrientation="portrait"
181-->src/main/AndroidManifest.xml:30:280-316
182            android:theme="@style/Theme.App.SplashScreen"
182-->src/main/AndroidManifest.xml:30:210-255
183            android:windowSoftInputMode="adjustResize" >
183-->src/main/AndroidManifest.xml:30:167-209
184            <intent-filter>
184-->src/main/AndroidManifest.xml:31:7-34:23
185                <action android:name="android.intent.action.MAIN" />
185-->src/main/AndroidManifest.xml:32:9-60
185-->src/main/AndroidManifest.xml:32:17-58
186
187                <category android:name="android.intent.category.LAUNCHER" />
187-->src/main/AndroidManifest.xml:33:9-68
187-->src/main/AndroidManifest.xml:33:19-66
188            </intent-filter>
189            <intent-filter>
189-->src/main/AndroidManifest.xml:35:7-41:23
190                <action android:name="android.intent.action.VIEW" />
190-->src/main/AndroidManifest.xml:18:7-58
190-->src/main/AndroidManifest.xml:18:15-56
191
192                <category android:name="android.intent.category.DEFAULT" />
192-->src/main/AndroidManifest.xml:37:9-67
192-->src/main/AndroidManifest.xml:37:19-65
193                <category android:name="android.intent.category.BROWSABLE" />
193-->src/main/AndroidManifest.xml:19:7-67
193-->src/main/AndroidManifest.xml:19:17-65
194
195                <data android:scheme="com.linkchest.app" />
195-->src/main/AndroidManifest.xml:20:7-37
195-->src/main/AndroidManifest.xml:20:13-35
196                <data android:scheme="cn.linkchest.app" />
196-->src/main/AndroidManifest.xml:20:7-37
196-->src/main/AndroidManifest.xml:20:13-35
197            </intent-filter>
198            <intent-filter data-generated="true" >
198-->src/main/AndroidManifest.xml:42:7-45:23
198-->src/main/AndroidManifest.xml:42:22-43
199                <action android:name="android.intent.action.SEND" />
199-->src/main/AndroidManifest.xml:43:9-60
199-->src/main/AndroidManifest.xml:43:17-58
200
201                <category android:name="android.intent.category.DEFAULT" />
201-->src/main/AndroidManifest.xml:37:9-67
201-->src/main/AndroidManifest.xml:37:19-65
202            </intent-filter>
203        </activity>
204        <activity
204-->src/main/AndroidManifest.xml:47:5-106
205            android:name="com.facebook.react.devsupport.DevSettingsActivity"
205-->src/main/AndroidManifest.xml:47:15-79
206            android:exported="false" />
206-->src/main/AndroidManifest.xml:47:80-104
207
208        <meta-data
208-->[:react-native-firebase_analytics] AndroidManifest.xml:12:9-14:36
209            android:name="firebase_analytics_collection_enabled"
209-->[:react-native-firebase_analytics] AndroidManifest.xml:13:13-65
210            android:value="true" />
210-->[:react-native-firebase_analytics] AndroidManifest.xml:14:13-33
211        <meta-data
211-->[:react-native-firebase_analytics] AndroidManifest.xml:15:9-17:37
212            android:name="firebase_analytics_collection_deactivated"
212-->[:react-native-firebase_analytics] AndroidManifest.xml:16:13-69
213            android:value="false" />
213-->[:react-native-firebase_analytics] AndroidManifest.xml:17:13-34
214        <meta-data
214-->[:react-native-firebase_analytics] AndroidManifest.xml:18:9-20:36
215            android:name="google_analytics_adid_collection_enabled"
215-->[:react-native-firebase_analytics] AndroidManifest.xml:19:13-68
216            android:value="true" />
216-->[:react-native-firebase_analytics] AndroidManifest.xml:20:13-33
217        <meta-data
217-->[:react-native-firebase_analytics] AndroidManifest.xml:21:9-23:36
218            android:name="google_analytics_ssaid_collection_enabled"
218-->[:react-native-firebase_analytics] AndroidManifest.xml:22:13-69
219            android:value="true" />
219-->[:react-native-firebase_analytics] AndroidManifest.xml:23:13-33
220        <meta-data
220-->[:react-native-firebase_analytics] AndroidManifest.xml:24:9-26:36
221            android:name="google_analytics_automatic_screen_reporting_enabled"
221-->[:react-native-firebase_analytics] AndroidManifest.xml:25:13-79
222            android:value="true" />
222-->[:react-native-firebase_analytics] AndroidManifest.xml:26:13-33
223        <meta-data
223-->[:react-native-firebase_analytics] AndroidManifest.xml:27:9-29:36
224            android:name="google_analytics_default_allow_analytics_storage"
224-->[:react-native-firebase_analytics] AndroidManifest.xml:28:13-76
225            android:value="true" />
225-->[:react-native-firebase_analytics] AndroidManifest.xml:29:13-33
226        <meta-data
226-->[:react-native-firebase_analytics] AndroidManifest.xml:30:9-32:36
227            android:name="google_analytics_default_allow_ad_storage"
227-->[:react-native-firebase_analytics] AndroidManifest.xml:31:13-69
228            android:value="true" />
228-->[:react-native-firebase_analytics] AndroidManifest.xml:32:13-33
229        <meta-data
229-->[:react-native-firebase_analytics] AndroidManifest.xml:33:9-35:36
230            android:name="google_analytics_default_allow_ad_user_data"
230-->[:react-native-firebase_analytics] AndroidManifest.xml:34:13-71
231            android:value="true" />
231-->[:react-native-firebase_analytics] AndroidManifest.xml:35:13-33
232        <meta-data
232-->[:react-native-firebase_analytics] AndroidManifest.xml:36:9-38:36
233            android:name="google_analytics_default_allow_ad_personalization_signals"
233-->[:react-native-firebase_analytics] AndroidManifest.xml:37:13-85
234            android:value="true" />
234-->[:react-native-firebase_analytics] AndroidManifest.xml:38:13-33
235
236        <service
236-->[:react-native-firebase_messaging] AndroidManifest.xml:12:9-14:40
237            android:name="io.invertase.firebase.messaging.ReactNativeFirebaseMessagingHeadlessService"
237-->[:react-native-firebase_messaging] AndroidManifest.xml:13:13-103
238            android:exported="false" />
238-->[:react-native-firebase_messaging] AndroidManifest.xml:14:13-37
239        <service
239-->[:react-native-firebase_messaging] AndroidManifest.xml:15:9-21:19
240            android:name="io.invertase.firebase.messaging.ReactNativeFirebaseMessagingService"
240-->[:react-native-firebase_messaging] AndroidManifest.xml:16:13-95
241            android:exported="false" >
241-->[:react-native-firebase_messaging] AndroidManifest.xml:17:13-37
242            <intent-filter>
242-->[:react-native-firebase_messaging] AndroidManifest.xml:18:13-20:29
243                <action android:name="com.google.firebase.MESSAGING_EVENT" />
243-->[:react-native-firebase_messaging] AndroidManifest.xml:19:17-78
243-->[:react-native-firebase_messaging] AndroidManifest.xml:19:25-75
244            </intent-filter>
245        </service>
246
247        <receiver
247-->[:react-native-firebase_messaging] AndroidManifest.xml:23:9-30:20
248            android:name="io.invertase.firebase.messaging.ReactNativeFirebaseMessagingReceiver"
248-->[:react-native-firebase_messaging] AndroidManifest.xml:24:13-96
249            android:exported="true"
249-->[:react-native-firebase_messaging] AndroidManifest.xml:25:13-36
250            android:permission="com.google.android.c2dm.permission.SEND" >
250-->[:react-native-firebase_messaging] AndroidManifest.xml:26:13-73
251            <intent-filter>
251-->[:react-native-firebase_messaging] AndroidManifest.xml:27:13-29:29
252                <action android:name="com.google.android.c2dm.intent.RECEIVE" />
252-->[:react-native-firebase_messaging] AndroidManifest.xml:28:17-81
252-->[:react-native-firebase_messaging] AndroidManifest.xml:28:25-78
253            </intent-filter>
254        </receiver>
255
256        <meta-data
256-->[:react-native-firebase_messaging] AndroidManifest.xml:32:9-34:37
257            android:name="delivery_metrics_exported_to_big_query_enabled"
257-->[:react-native-firebase_messaging] AndroidManifest.xml:33:13-74
258            android:value="false" />
258-->[:react-native-firebase_messaging] AndroidManifest.xml:34:13-34
259        <meta-data
259-->[:react-native-firebase_messaging] AndroidManifest.xml:35:9-37:36
260            android:name="firebase_messaging_auto_init_enabled"
260-->[:react-native-firebase_messaging] AndroidManifest.xml:36:13-64
261            android:value="true" />
261-->[:react-native-firebase_messaging] AndroidManifest.xml:37:13-33
262        <meta-data
262-->[:react-native-firebase_messaging] AndroidManifest.xml:38:9-40:37
263            android:name="firebase_messaging_notification_delegation_enabled"
263-->[:react-native-firebase_messaging] AndroidManifest.xml:39:13-78
264            android:value="false" />
264-->[:react-native-firebase_messaging] AndroidManifest.xml:40:13-34
265        <meta-data
265-->[:react-native-firebase_messaging] AndroidManifest.xml:41:9-43:32
266            android:name="com.google.firebase.messaging.default_notification_channel_id"
266-->[:react-native-firebase_messaging] AndroidManifest.xml:42:13-89
267            android:value="" />
267-->[:react-native-firebase_messaging] AndroidManifest.xml:43:13-29
268        <meta-data
268-->[:react-native-firebase_messaging] AndroidManifest.xml:44:9-46:47
269            android:name="com.google.firebase.messaging.default_notification_color"
269-->[:react-native-firebase_messaging] AndroidManifest.xml:45:13-84
270            android:resource="@color/white" />
270-->[:react-native-firebase_messaging] AndroidManifest.xml:46:13-44
271        <meta-data
271-->[:react-native-firebase_app] AndroidManifest.xml:9:9-11:36
272            android:name="app_data_collection_default_enabled"
272-->[:react-native-firebase_app] AndroidManifest.xml:10:13-63
273            android:value="true" />
273-->[:react-native-firebase_app] AndroidManifest.xml:11:13-33
274
275        <service
275-->[:react-native-firebase_app] AndroidManifest.xml:13:9-21:19